{"name":"addMilestones","status":"failed","statusDetails":{"known":false,"muted":false,"flaky":false,"message":"PAGE Not Opened! LOL!","trace":"java.lang.AssertionError: PAGE Not Opened! LOL!\r\n\tat baseEntity.BasePageFactory.waitForOpen(BasePageFactory.java:33)\r\n\tat baseEntity.BasePageFactory.<init>(BasePageFactory.java:21)\r\n\tat pages.ProjectPage.<init>(ProjectPage.java:14)\r\n\tat steps.AddProjectStep.addNewProject(AddProjectStep.java:33)\r\n\tat uiTests.positive.Add_demo.addMilestones(Add_demo.java:24)\r\n\tat java.base/jdk.internal.reflect.NativeMethodAccessorImpl.invoke0(Native Method)\r\n\tat java.base/jdk.internal.reflect.NativeMethodAccessorImpl.invoke(NativeMethodAccessorImpl.java:62)\r\n\tat java.base/jdk.internal.reflect.DelegatingMethodAccessorImpl.invoke(DelegatingMethodAccessorImpl.java:43)\r\n\tat java.base/java.lang.reflect.Method.invoke(Method.java:566)\r\n\tat org.testng.internal.MethodInvocationHelper.invokeMethod(MethodInvocationHelper.java:134)\r\n\tat org.testng.internal.TestInvoker.invokeMethod(TestInvoker.java:597)\r\n\tat org.testng.internal.TestInvoker.invokeTestMethod(TestInvoker.java:173)\r\n\tat org.testng.internal.MethodRunner.runInSequence(MethodRunner.java:46)\r\n\tat org.testng.internal.TestInvoker$MethodInvocationAgent.invoke(TestInvoker.java:816)\r\n\tat org.testng.internal.TestInvoker.invokeTestMethods(TestInvoker.java:146)\r\n\tat org.testng.internal.TestMethodWorker.invokeTestMethods(TestMethodWorker.java:146)\r\n\tat org.testng.internal.TestMethodWorker.run(TestMethodWorker.java:128)\r\n\tat java.base/java.util.ArrayList.forEach(ArrayList.java:1540)\r\n\tat org.testng.TestRunner.privateRun(TestRunner.java:766)\r\n\tat org.testng.TestRunner.run(TestRunner.java:587)\r\n\tat org.testng.SuiteRunner.runTest(SuiteRunner.java:384)\r\n\tat org.testng.SuiteRunner.runSequentially(SuiteRunner.java:378)\r\n\tat org.testng.SuiteRunner.privateRun(SuiteRunner.java:337)\r\n\tat org.testng.SuiteRunner.run(SuiteRunner.java:286)\r\n\tat org.testng.SuiteRunnerWorker.runSuite(SuiteRunnerWorker.java:53)\r\n\tat org.testng.SuiteRunnerWorker.run(SuiteRunnerWorker.java:96)\r\n\tat org.testng.TestNG.runSuitesSequentially(TestNG.java:1187)\r\n\tat org.testng.TestNG.runSuitesLocally(TestNG.java:1109)\r\n\tat org.testng.TestNG.runSuites(TestNG.java:1039)\r\n\tat org.testng.TestNG.run(TestNG.java:1007)\r\n\tat com.intellij.rt.testng.IDEARemoteTestNG.run(IDEARemoteTestNG.java:66)\r\n\tat com.intellij.rt.testng.RemoteTestNGStarter.main(RemoteTestNGStarter.java:109)\r\n"},"stage":"finished","steps":[{"name":"login","status":"passed","stage":"finished","steps":[],"attachments":[],"parameters":[{"name":"user","value":"models.User@6321a5aa"}],"start":1598540307890,"stop":1598540309745},{"name":"addProject","status":"passed","stage":"finished","steps":[],"attachments":[],"parameters":[],"start":1598540309807,"stop":1598540310471},{"name":"addNewProject","status":"failed","statusDetails":{"known":false,"muted":false,"flaky":false,"message":"PAGE Not Opened! LOL!","trace":"java.lang.AssertionError: PAGE Not Opened! LOL!\r\n\tat baseEntity.BasePageFactory.waitForOpen(BasePageFactory.java:33)\r\n\tat baseEntity.BasePageFactory.<init>(BasePageFactory.java:21)\r\n\tat pages.ProjectPage.<init>(ProjectPage.java:14)\r\n\tat steps.AddProjectStep.addNewProject(AddProjectStep.java:33)\r\n\tat uiTests.positive.Add_demo.addMilestones(Add_demo.java:24)\r\n\tat java.base/jdk.internal.reflect.NativeMethodAccessorImpl.invoke0(Native Method)\r\n\tat java.base/jdk.internal.reflect.NativeMethodAccessorImpl.invoke(NativeMethodAccessorImpl.java:62)\r\n\tat java.base/jdk.internal.reflect.DelegatingMethodAccessorImpl.invoke(DelegatingMethodAccessorImpl.java:43)\r\n\tat java.base/java.lang.reflect.Method.invoke(Method.java:566)\r\n\tat org.testng.internal.MethodInvocationHelper.invokeMethod(MethodInvocationHelper.java:134)\r\n\tat org.testng.internal.TestInvoker.invokeMethod(TestInvoker.java:597)\r\n\tat org.testng.internal.TestInvoker.invokeTestMethod(TestInvoker.java:173)\r\n\tat org.testng.internal.MethodRunner.runInSequence(MethodRunner.java:46)\r\n\tat org.testng.internal.TestInvoker$MethodInvocationAgent.invoke(TestInvoker.java:816)\r\n\tat org.testng.internal.TestInvoker.invokeTestMethods(TestInvoker.java:146)\r\n\tat org.testng.internal.TestMethodWorker.invokeTestMethods(TestMethodWorker.java:146)\r\n\tat org.testng.internal.TestMethodWorker.run(TestMethodWorker.java:128)\r\n\tat java.base/java.util.ArrayList.forEach(ArrayList.java:1540)\r\n\tat org.testng.TestRunner.privateRun(TestRunner.java:766)\r\n\tat org.testng.TestRunner.run(TestRunner.java:587)\r\n\tat org.testng.SuiteRunner.runTest(SuiteRunner.java:384)\r\n\tat org.testng.SuiteRunner.runSequentially(SuiteRunner.java:378)\r\n\tat org.testng.SuiteRunner.privateRun(SuiteRunner.java:337)\r\n\tat org.testng.SuiteRunner.run(SuiteRunner.java:286)\r\n\tat org.testng.SuiteRunnerWorker.runSuite(SuiteRunnerWorker.java:53)\r\n\tat org.testng.SuiteRunnerWorker.run(SuiteRunnerWorker.java:96)\r\n\tat org.testng.TestNG.runSuitesSequentially(TestNG.java:1187)\r\n\tat org.testng.TestNG.runSuitesLocally(TestNG.java:1109)\r\n\tat org.testng.TestNG.runSuites(TestNG.java:1039)\r\n\tat org.testng.TestNG.run(TestNG.java:1007)\r\n\tat com.intellij.rt.testng.IDEARemoteTestNG.run(IDEARemoteTestNG.java:66)\r\n\tat com.intellij.rt.testng.RemoteTestNGStarter.main(RemoteTestNGStarter.java:109)\r\n"},"stage":"finished","steps":[],"attachments":[],"parameters":[{"name":"name","value":"OMG!DAT IS DIPLOMA!"},{"name":"type","value":"Use a single repository for all cases (recommended)"}],"start":1598540310481,"stop":1598540321538}],"attachments":[{"name":"Page screenshot","source":"f7ead005-fa84-47a6-9632-3de698a0d7ae-attachment","type":"image/png"}],"parameters":[],"start":1598540307839,"stop":1598540321982,"uuid":"6bdcfc41-54d5-4072-9cb6-9697a6697b77","historyId":"c5e9a67deb1224e936c2a78da1b3f78b","fullName":"uiTests.positive.Add_demo.addMilestones","labels":[{"name":"package","value":"uiTests.positive.Add_demo"},{"name":"testClass","value":"uiTests.positive.Add_demo"},{"name":"testMethod","value":"addMilestones"},{"name":"parentSuite","value":"Default Suite"},{"name":"suite","value":"QaAutoLastStep"},{"name":"subSuite","value":"uiTests.positive.Add_demo"},{"name":"host","value":"User-PC"},{"name":"thread","value":"1440@User-PC.main(1)"},{"name":"framework","value":"testng"},{"name":"language","value":"java"}],"links":[]}